

*******************************************************************************
Thu Mar 12 17:52:55 2015


FIT:    data read from 'anode.csv' u 6:4:($4*0.01)
        format = x:z:s
        #datapoints = 5
function used for fitting: f(x)
fitted parameters initialized with current variable values



 Iteration 0
 WSSR        : 44537.5           delta(WSSR)/WSSR   : 0
 delta(WSSR) : 0                 limit for stopping : 1e-05
 lambda	  : 3.93552

initial set of free parameter values

m               = 1
b               = 1

After 5 iterations the fit converged.
final sum of squares of residuals : 43.838
rel. change during last iteration : -4.09178e-06

degrees of freedom    (FIT_NDF)                        : 3
rms of residuals      (FIT_STDFIT) = sqrt(WSSR/ndf)    : 3.82265
variance of residuals (reduced chisquare) = WSSR/ndf   : 14.6127

Final set of parameters            Asymptotic Standard Error
=======================            ==========================

m               = 17.2559          +/- 1.077        (6.244%)
b               = 67.6254          +/- 99.3         (146.8%)


correlation matrix of the fit parameters:

               m      b      
m               1.000 
b              -0.958  1.000 


*******************************************************************************
Thu Mar 12 17:52:55 2015


FIT:    data read from 'anode.csv' u 7:5:($5*0.01)
        format = x:z:s
        #datapoints = 5
function used for fitting: g(x)
fitted parameters initialized with current variable values



 Iteration 0
 WSSR        : 48752.6           delta(WSSR)/WSSR   : 0
 delta(WSSR) : 0                 limit for stopping : 1e-05
 lambda	  : 0.884839

initial set of free parameter values

n               = 1
c               = 1

After 6 iterations the fit converged.
final sum of squares of residuals : 26.2743
rel. change during last iteration : -1.00332e-11

degrees of freedom    (FIT_NDF)                        : 3
rms of residuals      (FIT_STDFIT) = sqrt(WSSR/ndf)    : 2.95941
variance of residuals (reduced chisquare) = WSSR/ndf   : 8.7581

Final set of parameters            Asymptotic Standard Error
=======================            ==========================

n               = 112.072          +/- 3.897        (3.477%)
c               = -3066.18         +/- 351.6        (11.47%)


correlation matrix of the fit parameters:

               n      c      
n               1.000 
c              -0.962  1.000 
