

*******************************************************************************
Fri Mar 13 14:06:29 2015


FIT:    data read from 'messung5.csv' u ((2*20.1*sin($1/180*pi))**3):(log(N($2)/N($3))/Al_d/Al_rho/(Al_Z**4))
        format = x:z
        #datapoints = 9
        residuals are weighted equally (unit weight)

function used for fitting: g(x)
fitted parameters initialized with current variable values



 Iteration 0
 WSSR        : 5.27719e+06       delta(WSSR)/WSSR   : 0
 delta(WSSR) : 0                 limit for stopping : 1e-05
 lambda	  : 540.848

initial set of free parameter values

a               = 1
b               = 1

After 7 iterations the fit converged.
final sum of squares of residuals : 1.13833e-10
rel. change during last iteration : -5.91168e-08

degrees of freedom    (FIT_NDF)                        : 7
rms of residuals      (FIT_STDFIT) = sqrt(WSSR/ndf)    : 4.0326e-06
variance of residuals (reduced chisquare) = WSSR/ndf   : 1.62619e-11

Final set of parameters            Asymptotic Standard Error
=======================            ==========================

a               = 2.72258e-08      +/- 3.486e-09    (12.81%)
b               = 2.01086e-05      +/- 2.667e-06    (13.26%)


correlation matrix of the fit parameters:

               a      b      
a               1.000 
b              -0.864  1.000 


*******************************************************************************
Fri Mar 13 14:06:29 2015


FIT:    data read from 'messung5.csv' u ((2*20.1*sin($1/180*pi))**3):(log(N($2)/N($4))/Zn_d/Zn_rho/(Zn_Z**4))
        format = x:z
        #datapoints = 9
        residuals are weighted equally (unit weight)

function used for fitting: h(x)
fitted parameters initialized with current variable values



 Iteration 0
 WSSR        : 5.27719e+06       delta(WSSR)/WSSR   : 0
 delta(WSSR) : 0                 limit for stopping : 1e-05
 lambda	  : 540.848

initial set of free parameter values

c               = 1
d               = 1

After 7 iterations the fit converged.
final sum of squares of residuals : 2.78025e-12
rel. change during last iteration : -2.42053e-06

degrees of freedom    (FIT_NDF)                        : 7
rms of residuals      (FIT_STDFIT) = sqrt(WSSR/ndf)    : 6.30221e-07
variance of residuals (reduced chisquare) = WSSR/ndf   : 3.97179e-13

Final set of parameters            Asymptotic Standard Error
=======================            ==========================

c               = 8.94095e-09      +/- 5.449e-10    (6.094%)
d               = 2.66779e-06      +/- 4.167e-07    (15.62%)


correlation matrix of the fit parameters:

               c      d      
c               1.000 
d              -0.864  1.000 


*******************************************************************************
Fri Mar 13 14:06:29 2015


FIT:    data read from 'messung5.csv' u ((2*20.1*sin($1/180*pi))**3):(log(N($2)/N($5))/Sn_d/Sn_rho/(Sn_Z**4))
        format = x:z
        #datapoints = 9
        residuals are weighted equally (unit weight)

function used for fitting: i(x)
fitted parameters initialized with current variable values



 Iteration 0
 WSSR        : 5.27719e+06       delta(WSSR)/WSSR   : 0
 delta(WSSR) : 0                 limit for stopping : 1e-05
 lambda	  : 540.848

initial set of free parameter values

e               = 1
f               = 1

After 8 iterations the fit converged.
final sum of squares of residuals : 5.94548e-15
rel. change during last iteration : -4.64389e-15

degrees of freedom    (FIT_NDF)                        : 7
rms of residuals      (FIT_STDFIT) = sqrt(WSSR/ndf)    : 2.91437e-08
variance of residuals (reduced chisquare) = WSSR/ndf   : 8.49354e-16

Final set of parameters            Asymptotic Standard Error
=======================            ==========================

e               = 8.34855e-10      +/- 2.52e-11     (3.018%)
f               = 2.31461e-07      +/- 1.927e-08    (8.326%)


correlation matrix of the fit parameters:

               e      f      
e               1.000 
f              -0.864  1.000 


*******************************************************************************
Fri Mar 13 14:09:26 2015


FIT:    data read from 'messung5.csv' u ((2*20.1*sin($1/180*pi))**3):(log(N($2)/N($3))/Al_d/Al_rho/(Al_Z**3))
        format = x:z
        #datapoints = 9
        residuals are weighted equally (unit weight)

function used for fitting: g(x)
fitted parameters initialized with current variable values



 Iteration 0
 WSSR        : 5.27718e+06       delta(WSSR)/WSSR   : 0
 delta(WSSR) : 0                 limit for stopping : 1e-05
 lambda	  : 540.848

initial set of free parameter values

a               = 1
b               = 1

After 7 iterations the fit converged.
final sum of squares of residuals : 1.92378e-08
rel. change during last iteration : -3.49636e-10

degrees of freedom    (FIT_NDF)                        : 7
rms of residuals      (FIT_STDFIT) = sqrt(WSSR/ndf)    : 5.24238e-05
variance of residuals (reduced chisquare) = WSSR/ndf   : 2.74826e-09

Final set of parameters            Asymptotic Standard Error
=======================            ==========================

a               = 3.53936e-07      +/- 4.532e-08    (12.81%)
b               = 0.000261412      +/- 3.467e-05    (13.26%)


correlation matrix of the fit parameters:

               a      b      
a               1.000 
b              -0.864  1.000 


*******************************************************************************
Fri Mar 13 14:09:26 2015


FIT:    data read from 'messung5.csv' u ((2*20.1*sin($1/180*pi))**3):(log(N($2)/N($4))/Zn_d/Zn_rho/(Zn_Z**3))
        format = x:z
        #datapoints = 9
        residuals are weighted equally (unit weight)

function used for fitting: h(x)
fitted parameters initialized with current variable values



 Iteration 0
 WSSR        : 5.27719e+06       delta(WSSR)/WSSR   : 0
 delta(WSSR) : 0                 limit for stopping : 1e-05
 lambda	  : 540.848

initial set of free parameter values

c               = 1
d               = 1

After 7 iterations the fit converged.
final sum of squares of residuals : 2.50223e-09
rel. change during last iteration : -2.68906e-09

degrees of freedom    (FIT_NDF)                        : 7
rms of residuals      (FIT_STDFIT) = sqrt(WSSR/ndf)    : 1.89066e-05
variance of residuals (reduced chisquare) = WSSR/ndf   : 3.57461e-10

Final set of parameters            Asymptotic Standard Error
=======================            ==========================

c               = 2.68228e-07      +/- 1.635e-08    (6.094%)
d               = 8.00337e-05      +/- 1.25e-05     (15.62%)


correlation matrix of the fit parameters:

               c      d      
c               1.000 
d              -0.864  1.000 


*******************************************************************************
Fri Mar 13 14:09:26 2015


FIT:    data read from 'messung5.csv' u ((2*20.1*sin($1/180*pi))**3):(log(N($2)/N($5))/Sn_d/Sn_rho/(Sn_Z**3))
        format = x:z
        #datapoints = 9
        residuals are weighted equally (unit weight)

function used for fitting: i(x)
fitted parameters initialized with current variable values



 Iteration 0
 WSSR        : 5.27719e+06       delta(WSSR)/WSSR   : 0
 delta(WSSR) : 0                 limit for stopping : 1e-05
 lambda	  : 540.848

initial set of free parameter values

e               = 1
f               = 1

After 7 iterations the fit converged.
final sum of squares of residuals : 1.48637e-11
rel. change during last iteration : -4.52752e-07

degrees of freedom    (FIT_NDF)                        : 7
rms of residuals      (FIT_STDFIT) = sqrt(WSSR/ndf)    : 1.45718e-06
variance of residuals (reduced chisquare) = WSSR/ndf   : 2.12338e-12

Final set of parameters            Asymptotic Standard Error
=======================            ==========================

e               = 4.17427e-08      +/- 1.26e-09     (3.018%)
f               = 1.1573e-05       +/- 9.636e-07    (8.326%)


correlation matrix of the fit parameters:

               e      f      
e               1.000 
f              -0.864  1.000 
